\BOOKMARK [1][-]{section.1}{\376\377\000I\000n\000t\000r\000o\000d\000u\000c\000t\000i\000o\000n}{}% 1
\BOOKMARK [2][-]{subsection.1.1}{\376\377\000C\000o\000n\000t\000e\000x\000t\000e\000\040\000d\000u\000\040\000P\000r\000o\000j\000e\000t}{section.1}% 2
\BOOKMARK [2][-]{subsection.1.2}{\376\377\000D\000e\000s\000c\000r\000i\000p\000t\000i\000o\000n\000\040\000d\000e\000\040\000l\000'\000A\000p\000p\000l\000i\000c\000a\000t\000i\000o\000n}{section.1}% 3
\BOOKMARK [2][-]{subsection.1.3}{\376\377\000S\000t\000a\000c\000k\000\040\000T\000e\000c\000h\000n\000i\000q\000u\000e}{section.1}% 4
\BOOKMARK [1][-]{section.2}{\376\377\000A\000r\000c\000h\000i\000t\000e\000c\000t\000u\000r\000e}{}% 5
\BOOKMARK [2][-]{subsection.2.1}{\376\377\000D\000i\000a\000g\000r\000a\000m\000m\000e\000\040\000d\000'\000A\000r\000c\000h\000i\000t\000e\000c\000t\000u\000r\000e}{section.2}% 6
\BOOKMARK [2][-]{subsection.2.2}{\376\377\000F\000l\000u\000x\000\040\000d\000e\000\040\000R\000e\000q\000u\000e\000t\000e\000s}{section.2}% 7
\BOOKMARK [1][-]{section.3}{\376\377\000V\000e\000r\000i\000f\000i\000c\000a\000t\000i\000o\000n\000\040\000d\000u\000\040\000C\000l\000u\000s\000t\000e\000r\000\040\000M\000i\000n\000i\000k\000u\000b\000e}{}% 8
\BOOKMARK [2][-]{subsection.3.1}{\376\377\000O\000b\000j\000e\000c\000t\000i\000f}{section.3}% 9
\BOOKMARK [2][-]{subsection.3.2}{\376\377\000C\000o\000m\000m\000a\000n\000d\000e\000\040\000E\000x\000e\000c\000u\000t\000e\000e}{section.3}% 10
\BOOKMARK [2][-]{subsection.3.3}{\376\377\000R\000e\000s\000u\000l\000t\000a\000t}{section.3}% 11
\BOOKMARK [2][-]{subsection.3.4}{\376\377\000A\000n\000a\000l\000y\000s\000e}{section.3}% 12
\BOOKMARK [1][-]{section.4}{\376\377\000V\000e\000r\000i\000f\000i\000c\000a\000t\000i\000o\000n\000\040\000d\000e\000s\000\040\000P\000o\000d\000s}{}% 13
\BOOKMARK [2][-]{subsection.4.1}{\376\377\000O\000b\000j\000e\000c\000t\000i\000f}{section.4}% 14
\BOOKMARK [2][-]{subsection.4.2}{\376\377\000C\000o\000m\000m\000a\000n\000d\000e\000\040\000E\000x\000e\000c\000u\000t\000e\000e}{section.4}% 15
\BOOKMARK [2][-]{subsection.4.3}{\376\377\000R\000e\000s\000u\000l\000t\000a\000t}{section.4}% 16
\BOOKMARK [2][-]{subsection.4.4}{\376\377\000A\000n\000a\000l\000y\000s\000e}{section.4}% 17
\BOOKMARK [1][-]{section.5}{\376\377\000V\000e\000r\000i\000f\000i\000c\000a\000t\000i\000o\000n\000\040\000d\000e\000s\000\040\000D\000e\000p\000l\000o\000y\000m\000e\000n\000t\000s}{}% 18
\BOOKMARK [2][-]{subsection.5.1}{\376\377\000O\000b\000j\000e\000c\000t\000i\000f}{section.5}% 19
\BOOKMARK [2][-]{subsection.5.2}{\376\377\000C\000o\000m\000m\000a\000n\000d\000e\000\040\000E\000x\000e\000c\000u\000t\000e\000e}{section.5}% 20
\BOOKMARK [2][-]{subsection.5.3}{\376\377\000R\000e\000s\000u\000l\000t\000a\000t}{section.5}% 21
\BOOKMARK [2][-]{subsection.5.4}{\376\377\000A\000n\000a\000l\000y\000s\000e}{section.5}% 22
\BOOKMARK [1][-]{section.6}{\376\377\000V\000e\000r\000i\000f\000i\000c\000a\000t\000i\000o\000n\000\040\000d\000e\000s\000\040\000S\000e\000r\000v\000i\000c\000e\000s}{}% 23
\BOOKMARK [2][-]{subsection.6.1}{\376\377\000O\000b\000j\000e\000c\000t\000i\000f}{section.6}% 24
\BOOKMARK [2][-]{subsection.6.2}{\376\377\000C\000o\000m\000m\000a\000n\000d\000e\000\040\000E\000x\000e\000c\000u\000t\000e\000e}{section.6}% 25
\BOOKMARK [2][-]{subsection.6.3}{\376\377\000R\000e\000s\000u\000l\000t\000a\000t}{section.6}% 26
\BOOKMARK [2][-]{subsection.6.4}{\376\377\000A\000n\000a\000l\000y\000s\000e}{section.6}% 27
\BOOKMARK [1][-]{section.7}{\376\377\000V\000e\000r\000i\000f\000i\000c\000a\000t\000i\000o\000n\000\040\000d\000e\000s\000\040\000P\000e\000r\000s\000i\000s\000t\000e\000n\000t\000V\000o\000l\000u\000m\000e\000s}{}% 28
\BOOKMARK [2][-]{subsection.7.1}{\376\377\000O\000b\000j\000e\000c\000t\000i\000f}{section.7}% 29
\BOOKMARK [2][-]{subsection.7.2}{\376\377\000C\000o\000m\000m\000a\000n\000d\000e\000\040\000E\000x\000e\000c\000u\000t\000e\000e}{section.7}% 30
\BOOKMARK [2][-]{subsection.7.3}{\376\377\000R\000e\000s\000u\000l\000t\000a\000t}{section.7}% 31
\BOOKMARK [2][-]{subsection.7.4}{\376\377\000A\000n\000a\000l\000y\000s\000e}{section.7}% 32
\BOOKMARK [1][-]{section.8}{\376\377\000V\000e\000r\000i\000f\000i\000c\000a\000t\000i\000o\000n\000\040\000d\000e\000\040\000l\000'\000I\000n\000g\000r\000e\000s\000s}{}% 33
\BOOKMARK [2][-]{subsection.8.1}{\376\377\000O\000b\000j\000e\000c\000t\000i\000f}{section.8}% 34
\BOOKMARK [2][-]{subsection.8.2}{\376\377\000C\000o\000m\000m\000a\000n\000d\000e\000\040\000E\000x\000e\000c\000u\000t\000e\000e}{section.8}% 35
\BOOKMARK [2][-]{subsection.8.3}{\376\377\000R\000e\000s\000u\000l\000t\000a\000t}{section.8}% 36
\BOOKMARK [2][-]{subsection.8.4}{\376\377\000A\000n\000a\000l\000y\000s\000e}{section.8}% 37
\BOOKMARK [1][-]{section.9}{\376\377\000V\000e\000r\000i\000f\000i\000c\000a\000t\000i\000o\000n\000\040\000d\000u\000\040\000H\000o\000r\000i\000z\000o\000n\000t\000a\000l\000P\000o\000d\000A\000u\000t\000o\000s\000c\000a\000l\000e\000r}{}% 38
\BOOKMARK [2][-]{subsection.9.1}{\376\377\000O\000b\000j\000e\000c\000t\000i\000f}{section.9}% 39
\BOOKMARK [2][-]{subsection.9.2}{\376\377\000C\000o\000m\000m\000a\000n\000d\000e\000\040\000E\000x\000e\000c\000u\000t\000e\000e}{section.9}% 40
\BOOKMARK [2][-]{subsection.9.3}{\376\377\000R\000e\000s\000u\000l\000t\000a\000t}{section.9}% 41
\BOOKMARK [2][-]{subsection.9.4}{\376\377\000A\000n\000a\000l\000y\000s\000e}{section.9}% 42
\BOOKMARK [1][-]{section.10}{\376\377\000V\000e\000r\000i\000f\000i\000c\000a\000t\000i\000o\000n\000\040\000d\000e\000\040\000l\000a\000\040\000B\000a\000s\000e\000\040\000d\000e\000\040\000D\000o\000n\000n\000e\000e\000s}{}% 43
\BOOKMARK [2][-]{subsection.10.1}{\376\377\000O\000b\000j\000e\000c\000t\000i\000f}{section.10}% 44
\BOOKMARK [2][-]{subsection.10.2}{\376\377\000C\000o\000m\000m\000a\000n\000d\000e\000:\000\040\000L\000i\000s\000t\000e\000\040\000d\000e\000s\000\040\000T\000a\000b\000l\000e\000s}{section.10}% 45
\BOOKMARK [2][-]{subsection.10.3}{\376\377\000R\000e\000s\000u\000l\000t\000a\000t}{section.10}% 46
\BOOKMARK [2][-]{subsection.10.4}{\376\377\000C\000o\000m\000m\000a\000n\000d\000e\000:\000\040\000C\000o\000m\000p\000t\000a\000g\000e\000\040\000d\000e\000s\000\040\000P\000h\000o\000t\000o\000s}{section.10}% 47
\BOOKMARK [2][-]{subsection.10.5}{\376\377\000R\000e\000s\000u\000l\000t\000a\000t}{section.10}% 48
\BOOKMARK [2][-]{subsection.10.6}{\376\377\000A\000n\000a\000l\000y\000s\000e}{section.10}% 49
\BOOKMARK [1][-]{section.11}{\376\377\000V\000e\000r\000i\000f\000i\000c\000a\000t\000i\000o\000n\000\040\000d\000e\000s\000\040\000E\000n\000d\000p\000o\000i\000n\000t\000s\000\040\000W\000e\000b}{}% 50
\BOOKMARK [2][-]{subsection.11.1}{\376\377\000O\000b\000j\000e\000c\000t\000i\000f}{section.11}% 51
\BOOKMARK [2][-]{subsection.11.2}{\376\377\000T\000e\000s\000t\000s\000\040\000E\000f\000f\000e\000c\000t\000u\000e\000s}{section.11}% 52
\BOOKMARK [2][-]{subsection.11.3}{\376\377\000T\000e\000s\000t\000\040\000d\000'\000U\000p\000l\000o\000a\000d}{section.11}% 53
\BOOKMARK [2][-]{subsection.11.4}{\376\377\000R\000e\000s\000u\000l\000t\000a\000t}{section.11}% 54
\BOOKMARK [2][-]{subsection.11.5}{\376\377\000A\000n\000a\000l\000y\000s\000e}{section.11}% 55
\BOOKMARK [1][-]{section.12}{\376\377\000V\000e\000r\000i\000f\000i\000c\000a\000t\000i\000o\000n\000\040\000d\000e\000\040\000l\000a\000\040\000P\000e\000r\000s\000i\000s\000t\000e\000n\000c\000e\000\040\000d\000e\000s\000\040\000U\000p\000l\000o\000a\000d\000s}{}% 56
\BOOKMARK [2][-]{subsection.12.1}{\376\377\000O\000b\000j\000e\000c\000t\000i\000f}{section.12}% 57
\BOOKMARK [2][-]{subsection.12.2}{\376\377\000C\000o\000m\000m\000a\000n\000d\000e\000\040\000E\000x\000e\000c\000u\000t\000e\000e}{section.12}% 58
\BOOKMARK [2][-]{subsection.12.3}{\376\377\000R\000e\000s\000u\000l\000t\000a\000t}{section.12}% 59
\BOOKMARK [2][-]{subsection.12.4}{\376\377\000A\000n\000a\000l\000y\000s\000e}{section.12}% 60
\BOOKMARK [1][-]{section.13}{\376\377\000F\000i\000c\000h\000i\000e\000r\000s\000\040\000K\000u\000b\000e\000r\000n\000e\000t\000e\000s}{}% 61
\BOOKMARK [2][-]{subsection.13.1}{\376\377\000S\000t\000r\000u\000c\000t\000u\000r\000e\000\040\000d\000u\000\040\000R\000e\000p\000e\000r\000t\000o\000i\000r\000e\000\040\000k\0008\000s\000/}{section.13}% 62
\BOOKMARK [1][-]{section.14}{\376\377\000D\000o\000c\000k\000e\000r\000f\000i\000l\000e}{}% 63
\BOOKMARK [2][-]{subsection.14.1}{\376\377\000B\000u\000i\000l\000d\000\040\000M\000u\000l\000t\000i\000-\000S\000t\000a\000g\000e}{section.14}% 64
\BOOKMARK [1][-]{section.15}{\376\377\000C\000o\000n\000c\000l\000u\000s\000i\000o\000n}{}% 65
\BOOKMARK [2][-]{subsection.15.1}{\376\377\000R\000e\000s\000u\000m\000e\000\040\000d\000e\000s\000\040\000T\000e\000c\000h\000n\000o\000l\000o\000g\000i\000e\000s\000\040\000I\000m\000p\000l\000e\000m\000e\000n\000t\000e\000e\000s}{section.15}% 66
\BOOKMARK [2][-]{subsection.15.2}{\376\377\000P\000o\000i\000n\000t\000s\000\040\000F\000o\000r\000t\000s}{section.15}% 67
\BOOKMARK [2][-]{subsection.15.3}{\376\377\000R\000e\000p\000o\000s\000i\000t\000o\000r\000y\000\040\000G\000i\000t\000H\000u\000b}{section.15}% 68
